d:\my projects\wndforms\wndforms\x64\debug\vc142.pdb
d:\my projects\wndforms\wndforms\x64\debug\.netframework,version=v4.7.2.assemblyattributes.obj
d:\my projects\wndforms\wndforms\x64\debug\myform.obj
d:\my projects\wndforms\wndforms\x64\debug\mainform.obj
d:\my projects\wndforms\x64\debug\mysql.data.dll
d:\my projects\wndforms\x64\debug\system.memory.dll
d:\my projects\wndforms\x64\debug\system.numerics.vectors.dll
d:\my projects\wndforms\x64\debug\system.buffers.dll
d:\my projects\wndforms\x64\debug\wndforms.exe
d:\my projects\wndforms\x64\debug\wndforms.pdb
d:\my projects\wndforms\wndforms\x64\debug\wndforms.loginform.resources
d:\my projects\wndforms\wndforms\x64\debug\wndforms.mainform.resources
d:\my projects\wndforms\wndforms\x64\debug\wndforms.tlog\cl.command.1.tlog
d:\my projects\wndforms\wndforms\x64\debug\wndforms.tlog\cl.read.1.tlog
d:\my projects\wndforms\wndforms\x64\debug\wndforms.tlog\cl.write.1.tlog
d:\my projects\wndforms\wndforms\x64\debug\wndforms.tlog\copylocal.read.1u.tlog
d:\my projects\wndforms\wndforms\x64\debug\wndforms.tlog\copylocal.write.1u.tlog
d:\my projects\wndforms\wndforms\x64\debug\wndforms.tlog\link.command.1.tlog
d:\my projects\wndforms\wndforms\x64\debug\wndforms.tlog\link.read.1.tlog
d:\my projects\wndforms\wndforms\x64\debug\wndforms.tlog\link.write.1.tlog
d:\my projects\wndforms\wndforms\x64\debug\wndforms.tlog\metagen.read.1.tlog
d:\my projects\wndforms\wndforms\x64\debug\wndforms.tlog\metagen.write.1.tlog
d:\my projects\wndforms\wndforms\x64\debug\wndforms.tlog\wndforms.write.1u.tlog
